A51 MACRO ASSEMBLER  MAIN                                                                 04/25/2012 19:17:25 PAGE     1


MACRO ASSEMBLER A51 V7.10
OBJECT MODULE PLACED IN main.OBJ
ASSEMBLER INVOKED BY: E:\keil\C51\BIN\A51.EXE main.s SET(SMALL) DEBUG EP

LOC  OBJ            LINE     SOURCE

  00AA                 1     VAL                     EQU 0AAH  ;¸³Öµ£Á£Á£È
                       2     
0000                   3             ORG             0000H
0000 020100            4             LJMP    MAIN    
                       5     
                       6     
                       7     ;
                       8     ;Main entrance...
                       9     ;
0100                  10             ORG     100H
0100                  11     MAIN:
0100 7530AA           12             MOV 30H,#VAL  ;30h -> 0AAH
0103 754003           13             MOV 40H,#03H  ;40h -> 02H
0106 E530             14             MOV A,30H
0108 8540F0           15             MOV B,40H
010B 84               16             DIV AB            ;A/B -> A , B
010C F550             17             MOV 50H,A
010E 85F051           18             MOV 51H,B
0111 80FE             19             SJMP $
                      20     END
A51 MACRO ASSEMBLER  MAIN                                                                 04/25/2012 19:17:25 PAGE     2

SYMBOL TABLE LISTING
------ ----- -------


N A M E             T Y P E  V A L U E   ATTRIBUTES

B. . . . . . . . .  D ADDR   00F0H   A   
MAIN . . . . . . .  C ADDR   0100H   A   
VAL. . . . . . . .  N NUMB   00AAH   A   


REGISTER BANK(S) USED: 0 


ASSEMBLY COMPLETE.  0 WARNING(S), 0 ERROR(S)
