C51 COMPILER V7.50   2RECIVER                                                              05/08/2012 19:39:23 PAGE 1   


C51 COMPILER V7.50, COMPILATION OF MODULE 2RECIVER
OBJECT MODULE PLACED IN 2reciver.OBJ
COMPILER INVOKED BY: E:\keil\C51\BIN\C51.EXE 2reciver.c BROWSE DEBUG OBJECTEXTEND

line level    source

   1          #include<REG52.H>
   2          
   3          volatile unsigned long c;
   4          
   5          //use the timer1 work at 19200 baud and mode is 01 
   6          void initUart( void );
   7          
   8          unsigned char xdata xArrayAt4000[0xFF + 1] _at_ 0x4000;
   9          
  10          int main( void )
  11          {
  12   1              initUart();
  13   1      
  14   1              //wait to receive data
  15   1              c = 0;
  16   1              ES = 1;
  17   1              EA = 1;
  18   1      
  19   1              while( 1 );
  20   1      
  21   1              return 0;
  22   1      }
  23          
  24          //use timer1 @mode1 19200 baud and no parity
  25          void initUart( void )
  26          {
  27   1              TMOD = 0x20;
  28   1              PCON = 0x80;
  29   1              TH1 = TL1 = 0xFD;
  30   1              SM0 = 0;
  31   1              SM1 = 1;
  32   1              SM2 = 0;
  33   1              REN = 1;
  34   1      
  35   1              TR1 = 1;
  36   1      
  37   1      }
  38          
  39          //uart interrupt routine
  40          void uartInterrupt( void ) interrupt 4
  41          {
  42   1              EA = 0;
  43   1      
  44   1              if( RI )       //receive interrupt
  45   1              {
  46   2                      RI = 0;
  47   2      
  48   2                      if( c <= 0xFF )
  49   2                      {
  50   3                              xArrayAt4000[c] = SBUF;
  51   3                              c++;
  52   3                      }
  53   2              }
  54   1              else           //transfer inteerupt
  55   1              {
C51 COMPILER V7.50   2RECIVER                                                              05/08/2012 19:39:23 PAGE 2   

  56   2                      TI = 0;
  57   2              }
  58   1      
  59   1              EA = 1;
  60   1      }
  61          


MODULE INFORMATION:   STATIC OVERLAYABLE
   CODE SIZE        =    170    ----
   CONSTANT SIZE    =   ----    ----
   XDATA SIZE       =   ----    ----
   PDATA SIZE       =   ----    ----
   DATA SIZE        =      4    ----
   IDATA SIZE       =   ----    ----
   BIT SIZE         =   ----    ----
END OF MODULE INFORMATION.


C51 COMPILATION COMPLETE.  0 WARNING(S),  0 ERROR(S)
