C51 COMPILER V7.50   IMSUTIL                                                               05/19/2012 21:33:41 PAGE 1   


C51 COMPILER V7.50, COMPILATION OF MODULE IMSUTIL
OBJECT MODULE PLACED IN IMSutil.OBJ
COMPILER INVOKED BY: E:\keil\C51\BIN\C51.EXE IMSutil.c BROWSE DEBUG OBJECTEXTEND

line level    source

   1          #include "IMSutil.h"
   2          #include <intrins.h>
   3          
   4          //A delay function used to work at 11.0952MHz
   5          void delay_ms( unsigned int ucMs )
   6          {
   7   1      #define DELAYTIMES 239
   8   1          unsigned char ucCounter;
   9   1      
  10   1          while( ucMs != 0 )
  11   1          {
  12   2                      for( ucCounter = 0 ; ucCounter < DELAYTIMES; ucCounter++ ){}
  13   2                      ucMs--;
  14   2          }
  15   1      }
  16          
  17          //These functions are designed at 11.0592MHz or( 4 _nop_() when 22.1184 )
  18          //the delay has to use the cpu time and it's inaccurace. So don't use it when time is requite strictly
  19          //because the function call and c will generate assemble code much unexcepted
  20          //
  21          void delay_5us( void )
  22          {
  23   1              _nop_();
  24   1              _nop_();
  25   1              //_nop_();
  26   1              //_nop();
  27   1      }
  28          
  29          void delay_50us( void )
  30          {
  31   1              unsigned char i;
  32   1              for( i=0; i<4 ; i++ )
  33   1              {
  34   2                      delay_5us();
  35   2              }
  36   1      }
  37          
  38          void delay_100us( void )
  39          {
  40   1              delay_50us();
  41   1              delay_50us();
  42   1      }
  43          
  44          
  45          


MODULE INFORMATION:   STATIC OVERLAYABLE
   CODE SIZE        =     37    ----
   CONSTANT SIZE    =   ----    ----
   XDATA SIZE       =   ----    ----
   PDATA SIZE       =   ----    ----
   DATA SIZE        =   ----    ----
   IDATA SIZE       =   ----    ----
   BIT SIZE         =   ----    ----
C51 COMPILER V7.50   IMSUTIL                                                               05/19/2012 21:33:41 PAGE 2   

END OF MODULE INFORMATION.


C51 COMPILATION COMPLETE.  0 WARNING(S),  0 ERROR(S)
