C51 COMPILER V7.50   MAIN                                                                  05/26/2012 11:39:59 PAGE 1   


C51 COMPILER V7.50, COMPILATION OF MODULE MAIN
OBJECT MODULE PLACED IN main.OBJ
COMPILER INVOKED BY: E:\keil\C51\BIN\C51.EXE main.c BROWSE DEBUG OBJECTEXTEND

line level    source

   1          #include<REG52.H>
   2          
   3          //initial uart run at 19200 baud @11.0592Mhz
   4          void ini_Uart( void );
   5          
   6          //send a byte
   7          void sendByte( unsigned char b );
   8          
   9          int main( void )
  10          {
  11   1              ini_Uart();
  12   1      
  13   1      
  14   1              ES = 1;
  15   1              TI = 0;
  16   1              RI = 0;
  17   1              EA = 1;
  18   1      
  19   1              while( 1 );
  20   1      
  21   1              return 0;
  22   1      }
  23          
  24          void usarInterrupt( void ) interrupt 4
  25          {
  26   1              unsigned char tmp;
  27   1      
  28   1              EA = 0;
  29   1      
  30   1              tmp = SBUF;
  31   1      
  32   1              if( TI )
  33   1              {
  34   2                      TI = 0;
  35   2              }else
  36   1              {
  37   2                      RI = 0;
  38   2      
  39   2                      if( tmp >= 'a' && tmp <= 'z' )
  40   2                      {
  41   3                              tmp = tmp - 'a' + 'A';
  42   3                      }
  43   2      
  44   2                      //Here I can't just call the sendByte directroy 
  45   2                      //If it supports the inline key word, it may work, because the interrupt function must work efficiently!
             -!!
  46   2                      SBUF = tmp;
  47   2                      while( !TI );
  48   2                      TI = 0;
  49   2                      //some how this function must be efficient, enough may be call a function is too expensive for 19200 bau
             -d!
  50   2                      //
  51   2              }
  52   1      
  53   1              EA = 1;
C51 COMPILER V7.50   MAIN                                                                  05/26/2012 11:39:59 PAGE 2   

  54   1      }
  55          
  56          //send a byte  
  57          void sendByte( unsigned char b )
  58          {
  59   1              TI = 0;
  60   1              SBUF = b;
  61   1              while( !TI );
  62   1              TI = 0;
  63   1      }
  64          
  65          //initial uart run at 19200 baud @11.0592Mhz //use the time1 to generage baud
  66          void ini_Uart( void )
  67          {
  68   1              TMOD = 0x20;
  69   1              PCON = 0x80;    
  70   1              TH1 = TL1 = 0xFD;
  71   1              TR1 = 1;
  72   1      
  73   1              SCON = 0x50;
  74   1              TI = 1;
  75   1      }
  76          


MODULE INFORMATION:   STATIC OVERLAYABLE
   CODE SIZE        =     97    ----
   CONSTANT SIZE    =   ----    ----
   XDATA SIZE       =   ----    ----
   PDATA SIZE       =   ----    ----
   DATA SIZE        =   ----    ----
   IDATA SIZE       =   ----    ----
   BIT SIZE         =   ----    ----
END OF MODULE INFORMATION.


C51 COMPILATION COMPLETE.  0 WARNING(S),  0 ERROR(S)
