C51 COMPILER V7.50   MAIN                                                                  05/25/2012 20:18:12 PAGE 1   


C51 COMPILER V7.50, COMPILATION OF MODULE MAIN
OBJECT MODULE PLACED IN main.OBJ
COMPILER INVOKED BY: E:\keil\C51\BIN\C51.EXE main.c BROWSE DEBUG OBJECTEXTEND

line level    source

   1          #include<REG52.H>
   2          
   3          /*
   4           *
   5           * The 7SEG cc / CA  has been verified by hand
   6           * IMS @ SCUT 2012/05/25 I will tell you.
   7          */
   8          
   9          #define LED P2
  10          
  11          int main( void )
  12          {
  13   1              LED = 0x6f;
  14   1      
  15   1              while( 1 )
  16   1              {
  17   2              }
  18   1      
  19   1      
  20   1      
  21   1              return 0;
  22   1      }
  23          
  24          


MODULE INFORMATION:   STATIC OVERLAYABLE
   CODE SIZE        =      5    ----
   CONSTANT SIZE    =   ----    ----
   XDATA SIZE       =   ----    ----
   PDATA SIZE       =   ----    ----
   DATA SIZE        =   ----    ----
   IDATA SIZE       =   ----    ----
   BIT SIZE         =   ----    ----
END OF MODULE INFORMATION.


C51 COMPILATION COMPLETE.  0 WARNING(S),  0 ERROR(S)
