C51 COMPILER V7.50   MAIN                                                                  04/17/2012 18:12:54 PAGE 1   


C51 COMPILER V7.50, COMPILATION OF MODULE MAIN
OBJECT MODULE PLACED IN main.OBJ
COMPILER INVOKED BY: E:\keil\C51\BIN\C51.EXE main.c BROWSE DEBUG OBJECTEXTEND

line level    source

   1          #include<REG52.H>
   2          #include<intrins.h>
   3          
   4          #define LED_PORT1 P1
   5          #define LED_PORT2 P0
   6          #define LED_PORT3 P3
   7          #define LED_PORT4 P2
   8          
   9          #define GET_PORT( n , led ) ( (led >> ( 8 * n - 8 )) & 0xFF )
  10          
  11          //delay function no timer in use delay for micro seconds
  12          void time( unsigned int ucMs );
  13          
  14          //update the ledstatus to the port. Call it Map? Well..
  15          void updateLedStatus( unsigned long ledStatus );
  16          
  17          int main( void )
  18          {
  19   1              
  20   1              unsigned long ledStatus;
  21   1              unsigned char cycle;
  22   1      
  23   1              //turn off all the leds
  24   1              LED_PORT1 = 0xFF;
  25   1              LED_PORT2 = 0xFF;
  26   1              LED_PORT3 = 0xFF;
  27   1              LED_PORT4 = 0XFF;
  28   1      
  29   1              while( 1 )
  30   1              {
  31   2                  time( 200 ); //holds for 200 micro seconds
  32   2      
  33   2                  //Start (1) VD1-VD32 on one led one time
  34   2                  ledStatus = 0x01;
  35   2                  updateLedStatus( ledStatus );
  36   2                  time( 200 );
  37   2      
  38   2                  for( cycle=1 ; cycle < 32 ; cycle++ )
  39   2                  {
  40   3                              ledStatus = _lrol_( ledStatus , 1 ); //long left shift. She is right. Before using any function, must r
             -eference it. man help. This is a circle
  41   3                      updateLedStatus( ledStatus );        //update to port
  42   3                      time( 200 );                                     //delay 200ms
  43   3      
  44   3                  }
  45   2      
  46   2                  //start (2) VD32 on and hold and VD31 ...VD0
  47   2                  ledStatus = 0x00; 
  48   2                  updateLedStatus( ledStatus );
  49   2                  time( 200 );
  50   2      
  51   2                  for( cycle=1 ; cycle <= 32 ; cycle++ )
  52   2                  {
  53   3                              ledStatus = _lror_( ledStatus , 1 );    //remember it's rotate...
  54   3                              ledStatus |= 0x80000000;                                //unsigned long for 32bits unsafe 
C51 COMPILER V7.50   MAIN                                                                  04/17/2012 18:12:54 PAGE 2   

  55   3                              updateLedStatus( ledStatus );
  56   3                              time( 200 );
  57   3                  }
  58   2      
  59   2                  //start (3) VD1 ~ VD32 off
  60   2                  for( cycle=1 ; cycle <= 32 ; cycle++ )
  61   2                  {
  62   3                              ledStatus = _lrol_( ledStatus , 1 );    //long left shift
  63   3                              ledStatus &= ~ 0x01;                                    //CSAPP, It needed to be tested...
  64   3                              updateLedStatus( ledStatus );
  65   3                              time( 200 );
  66   3                  }
  67   2      
  68   2      
  69   2      
  70   2              }
  71   1      
  72   1              return 0;
  73   1      }
  74          
  75          void time( unsigned int ucMs )
  76          {
  77   1      #define DELAYTIMES 239
  78   1          unsigned char ucCounter;
  79   1      
  80   1          while( ucMs != 0 )
  81   1          {
  82   2              for( ucCounter = 0 ; ucCounter < DELAYTIMES; ucCounter++ ){}
  83   2              ucMs--;
  84   2          }
  85   1      
  86   1      }
  87          
  88          void updateLedStatus( unsigned long ledStatus )
  89          {
  90   1          LED_PORT1 = ~( GET_PORT( 1 , ledStatus ) );
  91   1          LED_PORT2 = ~( GET_PORT( 2 , ledStatus ) );
  92   1          LED_PORT3 = ~( GET_PORT( 3 , ledStatus ) );
  93   1          LED_PORT4 = ~( GET_PORT( 4 , ledStatus ) );
  94   1      
  95   1      }


MODULE INFORMATION:   STATIC OVERLAYABLE
   CODE SIZE        =    326    ----
   CONSTANT SIZE    =   ----    ----
   XDATA SIZE       =   ----    ----
   PDATA SIZE       =   ----    ----
   DATA SIZE        =   ----       9
   IDATA SIZE       =   ----    ----
   BIT SIZE         =   ----    ----
END OF MODULE INFORMATION.


C51 COMPILATION COMPLETE.  0 WARNING(S),  0 ERROR(S)
